<?xml version="1.0" encoding="UTF-8"?>
<testsuite name="EditProfileTest" tests="1" skipped="0" failures="0" errors="0" timestamp="2020-11-09T11:16:40" hostname="Ngos-MacBook-Pro-2.local" time="29.505">
  <properties/>
  <testcase name="editProfileTest" classname="EditProfileTest" time="29.505"/>
  <system-out><![CDATA[]]></system-out>
  <system-err><![CDATA[Starting ChromeDriver 86.0.4240.22 (398b0743353ff36fb1b82468f63a3a93b4e2e89e-refs/branch-heads/4240@{#378}) on port 5275
Only local connections are allowed.
Please see https://chromedriver.chromium.org/security-considerations for suggestions on keeping ChromeDriver safe.
ChromeDriver was started successfully.
Nov 09, 2020 2:16:42 PM org.openqa.selenium.remote.ProtocolHandshake createSession
INFO: Detected dialect: W3C
]]></system-err>
</testsuite>
